2023-01-19 11:53:13,566 [main] INFO Ecommerce_BaseClass - enter username
2023-01-19 11:54:31,990 [main] INFO Ecommerce_BaseClass - enter username
2023-01-20 12:24:00,349 [main] INFO Ecommerce_BaseClass - enter username
2023-01-20 12:40:22,657 [main] INFO Ecommerce_BaseClass - enter username
2023-01-20 12:41:57,218 [main] INFO Ecommerce_BaseClass - enter username
2023-01-20 12:43:00,248 [main] INFO Ecommerce_BaseClass - enter username
2023-01-20 12:52:10,314 [main] INFO Ecommerce_BaseClass - enter username
2023-01-20 12:54:40,969 [main] INFO Ecommerce_BaseClass - enter username
2023-01-20 12:56:58,529 [main] INFO Ecommerce_BaseClass - enter username
2023-01-20 12:59:15,168 [main] INFO Ecommerce_BaseClass - enter username
2023-01-20 13:00:19,166 [main] INFO Ecommerce_BaseClass - enter username
2023-01-20 16:01:00,813 [main] INFO Ecommerce_BaseClass - enter username
2023-01-20 16:01:03,474 [main] INFO Ecommerce_BaseClass - Login Failed !!!
2023-01-23 12:39:14,956 [main] INFO Ecommerce_BaseClass - enter username
2023-01-23 12:39:18,896 [main] INFO Ecommerce_BaseClass - Login Failed !!!
2023-01-23 13:30:45,151 [main] INFO Ecommerce_BaseClass - User Created
2023-01-23 19:16:37,461 [main] INFO Ecommerce_BaseClass - Enter user mail
2023-01-23 19:16:40,736 [main] INFO Ecommerce_BaseClass - Enter User password
2023-01-23 19:16:45,073 [main] INFO Ecommerce_BaseClass - Clicked on longin button
2023-01-23 19:16:54,289 [main] INFO Ecommerce_BaseClass - Enter user mail
2023-01-23 19:16:57,441 [main] INFO Ecommerce_BaseClass - Enter User password
2023-01-23 19:17:01,938 [main] INFO Ecommerce_BaseClass - Clicked on longin button
2023-01-23 19:17:13,431 [main] INFO Ecommerce_BaseClass - Enter user mail
2023-01-23 19:17:16,516 [main] INFO Ecommerce_BaseClass - Enter User password
2023-01-23 19:17:20,317 [main] INFO Ecommerce_BaseClass - Clicked on longin button
2023-01-23 19:17:29,741 [main] INFO Ecommerce_BaseClass - Enter user mail
2023-01-23 19:17:32,999 [main] INFO Ecommerce_BaseClass - Enter User password
2023-01-23 19:17:37,289 [main] INFO Ecommerce_BaseClass - Clicked on longin button
2023-01-23 19:49:46,103 [main] INFO Ecommerce_BaseClass - Open URL
2023-01-23 19:49:49,154 [main] INFO Ecommerce_BaseClass - Username Entered
2023-01-23 19:49:49,446 [main] INFO Ecommerce_BaseClass - Enter user mail
2023-01-23 19:49:52,585 [main] INFO Ecommerce_BaseClass - Enter User password
2023-01-23 19:49:56,153 [main] INFO Ecommerce_BaseClass - Clicked on longin button
2023-01-23 19:50:01,240 [main] INFO Ecommerce_BaseClass - Open URL
2023-01-23 19:50:04,248 [main] INFO Ecommerce_BaseClass - Username Entered
2023-01-23 19:50:04,561 [main] INFO Ecommerce_BaseClass - Enter user mail
2023-01-23 19:50:07,776 [main] INFO Ecommerce_BaseClass - Enter User password
2023-01-23 19:50:12,183 [main] INFO Ecommerce_BaseClass - Clicked on longin button
2023-01-23 19:50:17,098 [main] INFO Ecommerce_BaseClass - Open URL
2023-01-23 19:50:20,103 [main] INFO Ecommerce_BaseClass - Username Entered
2023-01-23 19:50:20,379 [main] INFO Ecommerce_BaseClass - Enter user mail
2023-01-23 19:50:23,644 [main] INFO Ecommerce_BaseClass - Enter User password
2023-01-23 19:50:28,035 [main] INFO Ecommerce_BaseClass - Clicked on longin button
2023-01-23 19:50:42,827 [main] INFO Ecommerce_BaseClass - Open URL
2023-01-23 19:50:45,830 [main] INFO Ecommerce_BaseClass - Username Entered
2023-01-23 19:50:46,006 [main] INFO Ecommerce_BaseClass - Enter user mail
2023-01-23 19:50:49,190 [main] INFO Ecommerce_BaseClass - Enter User password
2023-01-23 19:50:53,567 [main] INFO Ecommerce_BaseClass - Clicked on longin button
