2023-01-19 11:53:13,566 - Ecommerce_BaseClass -INFO - enter username
2023-01-19 11:54:31,990 - Ecommerce_BaseClass -INFO - enter username
2023-01-20 12:24:00,349 - Ecommerce_BaseClass -INFO - enter username
2023-01-20 12:40:22,657 - Ecommerce_BaseClass -INFO - enter username
2023-01-20 12:41:57,218 - Ecommerce_BaseClass -INFO - enter username
2023-01-20 12:43:00,248 - Ecommerce_BaseClass -INFO - enter username
2023-01-20 12:52:10,314 - Ecommerce_BaseClass -INFO - enter username
2023-01-20 12:54:40,969 - Ecommerce_BaseClass -INFO - enter username
2023-01-20 12:56:58,529 - Ecommerce_BaseClass -INFO - enter username
2023-01-20 12:59:15,168 - Ecommerce_BaseClass -INFO - enter username
2023-01-20 13:00:19,166 - Ecommerce_BaseClass -INFO - enter username
2023-01-20 16:01:00,813 - Ecommerce_BaseClass -INFO - enter username
2023-01-20 16:01:03,474 - Ecommerce_BaseClass -INFO - Login Failed !!!
2023-01-23 12:39:14,956 - Ecommerce_BaseClass -INFO - enter username
2023-01-23 12:39:18,896 - Ecommerce_BaseClass -INFO - Login Failed !!!
2023-01-23 13:30:45,151 - Ecommerce_BaseClass -INFO - User Created
2023-01-23 19:16:37,461 - Ecommerce_BaseClass -INFO - Enter user mail
2023-01-23 19:16:40,736 - Ecommerce_BaseClass -INFO - Enter User password
2023-01-23 19:16:45,073 - Ecommerce_BaseClass -INFO - Clicked on longin button
2023-01-23 19:16:54,289 - Ecommerce_BaseClass -INFO - Enter user mail
2023-01-23 19:16:57,441 - Ecommerce_BaseClass -INFO - Enter User password
2023-01-23 19:17:01,938 - Ecommerce_BaseClass -INFO - Clicked on longin button
2023-01-23 19:17:13,431 - Ecommerce_BaseClass -INFO - Enter user mail
2023-01-23 19:17:16,516 - Ecommerce_BaseClass -INFO - Enter User password
2023-01-23 19:17:20,317 - Ecommerce_BaseClass -INFO - Clicked on longin button
2023-01-23 19:17:29,741 - Ecommerce_BaseClass -INFO - Enter user mail
2023-01-23 19:17:32,999 - Ecommerce_BaseClass -INFO - Enter User password
2023-01-23 19:17:37,289 - Ecommerce_BaseClass -INFO - Clicked on longin button
2023-01-23 19:49:46,103 - Ecommerce_BaseClass -INFO - Open URL
2023-01-23 19:49:49,154 - Ecommerce_BaseClass -INFO - Username Entered
2023-01-23 19:49:49,446 - Ecommerce_BaseClass -INFO - Enter user mail
2023-01-23 19:49:52,585 - Ecommerce_BaseClass -INFO - Enter User password
2023-01-23 19:49:56,153 - Ecommerce_BaseClass -INFO - Clicked on longin button
2023-01-23 19:50:01,240 - Ecommerce_BaseClass -INFO - Open URL
2023-01-23 19:50:04,248 - Ecommerce_BaseClass -INFO - Username Entered
2023-01-23 19:50:04,561 - Ecommerce_BaseClass -INFO - Enter user mail
2023-01-23 19:50:07,776 - Ecommerce_BaseClass -INFO - Enter User password
2023-01-23 19:50:12,183 - Ecommerce_BaseClass -INFO - Clicked on longin button
2023-01-23 19:50:17,098 - Ecommerce_BaseClass -INFO - Open URL
2023-01-23 19:50:20,103 - Ecommerce_BaseClass -INFO - Username Entered
2023-01-23 19:50:20,379 - Ecommerce_BaseClass -INFO - Enter user mail
2023-01-23 19:50:23,644 - Ecommerce_BaseClass -INFO - Enter User password
2023-01-23 19:50:28,035 - Ecommerce_BaseClass -INFO - Clicked on longin button
2023-01-23 19:50:42,827 - Ecommerce_BaseClass -INFO - Open URL
2023-01-23 19:50:45,830 - Ecommerce_BaseClass -INFO - Username Entered
2023-01-23 19:50:46,006 - Ecommerce_BaseClass -INFO - Enter user mail
2023-01-23 19:50:49,190 - Ecommerce_BaseClass -INFO - Enter User password
2023-01-23 19:50:53,567 - Ecommerce_BaseClass -INFO - Clicked on longin button
